<?xml version="1.0" encoding="UTF-8"?>
<TestRun id="5fdcec94-2c1e-46fd-a1b1-7ed8875d8e08" name="Phillip@VOODOO 2013-06-27 13:35:58" runUser="Voodoo\Phillip" xmlns="http://microsoft.com/schemas/VisualStudio/TeamTest/2010">
  <TestSettings name="Default Test Settings" id="08669aba-2d14-494e-b60c-af9887540f56">
    <Deployment runDeploymentRoot="Phillip_VOODOO 2013-06-27 13_35_58">
      <DeploymentItem filename="C:\Users\Phillip\Code\Goedel\Goedel.Protocol\bin\Debug\Goedel.Protocol.dll" />
    </Deployment>
    <Execution>
      <TestTypeSpecific />
      <AgentRule name="Execution Agents">
      </AgentRule>
    </Execution>
  </TestSettings>
  <Times creation="2013-06-27T13:35:58.8360000-04:00" queuing="2013-06-27T13:36:03.6280000-04:00" start="2013-06-27T13:36:03.8700000-04:00" finish="2013-06-27T13:36:07.1240000-04:00" />
  <ResultSummary outcome="Completed">
    <Counters total="5" executed="5" passed="5" error="0" failed="0" timeout="0" aborted="0" inconclusive="0" passedButRunAborted="0" notRunnable="0" notExecuted="0" disconnected="0" warning="0" completed="0" inProgress="0" pending="0" />
  </ResultSummary>
  <TestDefinitions>
    <UnitTest name="JSONWriterConstructorTest" storage="c:\users\phillip\code\goedel\goedel.protocol\testreader\bin\debug\testreader.dll" id="fc26d2e6-5699-2a7f-3a7c-3053d2b76fb8">
      <Execution id="8a7bf34b-d6d6-4b6d-8081-aaf0681d529a" />
      <TestMethod codeBase="C:/Users/Phillip/Code/Goedel/Goedel.Protocol/TestReader/bin/Debug/TestReader.DLL" adapterTypeName="Microsoft.VisualStudio.TestTools.TestTypes.Unit.UnitTestAdapter, Microsoft.VisualStudio.QualityTools.Tips.UnitTest.Adapter, Version=10.0.0.0, Culture=neutral, PublicKeyToken=b03f5f7f11d50a3a" className="TestReader.JSONWriterTest, TestReader, Version=1.0.0.0, Culture=neutral, PublicKeyToken=null" name="JSONWriterConstructorTest" />
    </UnitTest>
    <UnitTest name="GetCharTypeTest" storage="c:\users\phillip\code\goedel\goedel.protocol\testreader\bin\debug\testreader.dll" id="544c1720-8cd1-12b3-0dd5-c42432ad9f34">
      <DeploymentItems>
        <DeploymentItem filename="Goedel.Protocol.dll" />
      </DeploymentItems>
      <Execution id="9457515a-53c0-42df-8838-ace081f4324e" />
      <TestMethod codeBase="C:/Users/Phillip/Code/Goedel/Goedel.Protocol/TestReader/bin/Debug/TestReader.DLL" adapterTypeName="Microsoft.VisualStudio.TestTools.TestTypes.Unit.UnitTestAdapter, Microsoft.VisualStudio.QualityTools.Tips.UnitTest.Adapter, Version=10.0.0.0, Culture=neutral, PublicKeyToken=b03f5f7f11d50a3a" className="TestReader.JSONReaderTest, TestReader, Version=1.0.0.0, Culture=neutral, PublicKeyToken=null" name="GetCharTypeTest" />
    </UnitTest>
    <UnitTest name="LexerTest" storage="c:\users\phillip\code\goedel\goedel.protocol\testreader\bin\debug\testreader.dll" id="06d5388e-1b9f-7b01-a3bd-8715375580a4">
      <DeploymentItems>
        <DeploymentItem filename="Goedel.Protocol.dll" />
      </DeploymentItems>
      <Execution id="4eb197b8-a5a1-4863-af90-1975eb3cae51" />
      <TestMethod codeBase="C:/Users/Phillip/Code/Goedel/Goedel.Protocol/TestReader/bin/Debug/TestReader.DLL" adapterTypeName="Microsoft.VisualStudio.TestTools.TestTypes.Unit.UnitTestAdapter, Microsoft.VisualStudio.QualityTools.Tips.UnitTest.Adapter, Version=10.0.0.0, Culture=neutral, PublicKeyToken=b03f5f7f11d50a3a" className="TestReader.JSONReaderTest, TestReader, Version=1.0.0.0, Culture=neutral, PublicKeyToken=null" name="LexerTest" />
    </UnitTest>
    <UnitTest name="JSONReaderConstructorTest1" storage="c:\users\phillip\code\goedel\goedel.protocol\testreader\bin\debug\testreader.dll" id="e3423050-bf5d-1f5d-ab16-247701b50242">
      <Execution id="6ba95daa-4cbf-4a43-a43b-dd0bcc543b57" />
      <TestMethod codeBase="C:/Users/Phillip/Code/Goedel/Goedel.Protocol/TestReader/bin/Debug/TestReader.DLL" adapterTypeName="Microsoft.VisualStudio.TestTools.TestTypes.Unit.UnitTestAdapter, Microsoft.VisualStudio.QualityTools.Tips.UnitTest.Adapter, Version=10.0.0.0, Culture=neutral, PublicKeyToken=b03f5f7f11d50a3a" className="TestReader.JSONReaderTest, TestReader, Version=1.0.0.0, Culture=neutral, PublicKeyToken=null" name="JSONReaderConstructorTest1" />
    </UnitTest>
    <UnitTest name="JSONReaderConstructorTest" storage="c:\users\phillip\code\goedel\goedel.protocol\testreader\bin\debug\testreader.dll" id="d968fda8-9ff8-540d-3255-8d1e534276e6">
      <Execution id="1c8791d0-346a-4c8e-8094-558e6c1ad0ef" />
      <TestMethod codeBase="C:/Users/Phillip/Code/Goedel/Goedel.Protocol/TestReader/bin/Debug/TestReader.DLL" adapterTypeName="Microsoft.VisualStudio.TestTools.TestTypes.Unit.UnitTestAdapter, Microsoft.VisualStudio.QualityTools.Tips.UnitTest.Adapter, Version=10.0.0.0, Culture=neutral, PublicKeyToken=b03f5f7f11d50a3a" className="TestReader.JSONReaderTest, TestReader, Version=1.0.0.0, Culture=neutral, PublicKeyToken=null" name="JSONReaderConstructorTest" />
    </UnitTest>
  </TestDefinitions>
  <TestLists>
    <TestList name="Results Not in a List" id="8c84fa94-04c1-424b-9868-57a2d4851a1d" />
    <TestList name="All Loaded Results" id="19431567-8539-422a-85d7-44ee4e166bda" />
  </TestLists>
  <TestEntries>
    <TestEntry testId="d968fda8-9ff8-540d-3255-8d1e534276e6" executionId="1c8791d0-346a-4c8e-8094-558e6c1ad0ef" testListId="8c84fa94-04c1-424b-9868-57a2d4851a1d" />
    <TestEntry testId="544c1720-8cd1-12b3-0dd5-c42432ad9f34" executionId="9457515a-53c0-42df-8838-ace081f4324e" testListId="8c84fa94-04c1-424b-9868-57a2d4851a1d" />
    <TestEntry testId="06d5388e-1b9f-7b01-a3bd-8715375580a4" executionId="4eb197b8-a5a1-4863-af90-1975eb3cae51" testListId="8c84fa94-04c1-424b-9868-57a2d4851a1d" />
    <TestEntry testId="e3423050-bf5d-1f5d-ab16-247701b50242" executionId="6ba95daa-4cbf-4a43-a43b-dd0bcc543b57" testListId="8c84fa94-04c1-424b-9868-57a2d4851a1d" />
    <TestEntry testId="fc26d2e6-5699-2a7f-3a7c-3053d2b76fb8" executionId="8a7bf34b-d6d6-4b6d-8081-aaf0681d529a" testListId="8c84fa94-04c1-424b-9868-57a2d4851a1d" />
  </TestEntries>
  <Results>
    <UnitTestResult executionId="1c8791d0-346a-4c8e-8094-558e6c1ad0ef" testId="d968fda8-9ff8-540d-3255-8d1e534276e6" testName="JSONReaderConstructorTest" computerName="VOODOO" duration="00:00:00.0215961" startTime="2013-06-27T13:36:04.0410000-04:00" endTime="2013-06-27T13:36:06.8350000-04:00" testType="13cdc9d9-ddb5-4fa4-a97d-d965ccfc6d4b" outcome="Passed" testListId="8c84fa94-04c1-424b-9868-57a2d4851a1d" relativeResultsDirectory="1c8791d0-346a-4c8e-8094-558e6c1ad0ef">
    </UnitTestResult>
    <UnitTestResult executionId="9457515a-53c0-42df-8838-ace081f4324e" testId="544c1720-8cd1-12b3-0dd5-c42432ad9f34" testName="GetCharTypeTest" computerName="VOODOO" duration="00:00:00.0016182" startTime="2013-06-27T13:36:06.8430000-04:00" endTime="2013-06-27T13:36:06.8520000-04:00" testType="13cdc9d9-ddb5-4fa4-a97d-d965ccfc6d4b" outcome="Passed" testListId="8c84fa94-04c1-424b-9868-57a2d4851a1d" relativeResultsDirectory="9457515a-53c0-42df-8838-ace081f4324e">
    </UnitTestResult>
    <UnitTestResult executionId="4eb197b8-a5a1-4863-af90-1975eb3cae51" testId="06d5388e-1b9f-7b01-a3bd-8715375580a4" testName="LexerTest" computerName="VOODOO" duration="00:00:00.0056037" startTime="2013-06-27T13:36:06.8590000-04:00" endTime="2013-06-27T13:36:06.8700000-04:00" testType="13cdc9d9-ddb5-4fa4-a97d-d965ccfc6d4b" outcome="Passed" testListId="8c84fa94-04c1-424b-9868-57a2d4851a1d" relativeResultsDirectory="4eb197b8-a5a1-4863-af90-1975eb3cae51">
    </UnitTestResult>
    <UnitTestResult executionId="6ba95daa-4cbf-4a43-a43b-dd0bcc543b57" testId="e3423050-bf5d-1f5d-ab16-247701b50242" testName="JSONReaderConstructorTest1" computerName="VOODOO" duration="00:00:00.0006067" startTime="2013-06-27T13:36:06.8840000-04:00" endTime="2013-06-27T13:36:06.8900000-04:00" testType="13cdc9d9-ddb5-4fa4-a97d-d965ccfc6d4b" outcome="Passed" testListId="8c84fa94-04c1-424b-9868-57a2d4851a1d" relativeResultsDirectory="6ba95daa-4cbf-4a43-a43b-dd0bcc543b57">
    </UnitTestResult>
    <UnitTestResult executionId="8a7bf34b-d6d6-4b6d-8081-aaf0681d529a" testId="fc26d2e6-5699-2a7f-3a7c-3053d2b76fb8" testName="JSONWriterConstructorTest" computerName="VOODOO" duration="00:00:00.0006662" startTime="2013-06-27T13:36:06.8970000-04:00" endTime="2013-06-27T13:36:06.9040000-04:00" testType="13cdc9d9-ddb5-4fa4-a97d-d965ccfc6d4b" outcome="Passed" testListId="8c84fa94-04c1-424b-9868-57a2d4851a1d" relativeResultsDirectory="8a7bf34b-d6d6-4b6d-8081-aaf0681d529a">
    </UnitTestResult>
  </Results>
</TestRun>